----- 22/10/2012 21:35:33: Job 'Git1': ANALYSIS started by User on computer 'APOLLO' (GoodSync 9.2.9.5 x64 on Windows 7) -----
Git1: C:\__dev\_devserver\pyrradcore-ns\library\Ripple =forced-PropDels=> C:\__dev\_devserver\githubfragments\Ripple\src, SavePrevVers, CleanupPrevVers=30d, CleanupOldGens=24m, TmpDest, EstReq, CopyLocked, DetectMovesAndRenames, DetectFolderMoves, FileLinksDrill, Reconnect=3, ChangeLimit=10
Exclude Hidden, Exclude System, Exclude licens*.rfo|cache.rfo|mru.rfo|mpp*.rfo|RoboForm Online Account.rfp|name *._gstmp|/System Volume Information|Thumbs.db|.DS_Store 
Left: Reading State File C:\__dev\_devserver\pyrradcore-ns\library\Ripple\_gsdata_\_file_state_v4._gs
Left: Files: 7 (excluded 0). Folders: 0 (excluded 1). C: NTFS, Free: 428 GB, Total: 580 GB
Right: Reading State File C:\__dev\_devserver\githubfragments\Ripple\src\_gsdata_\_file_state_v4._gs
Right: Files: 7 (excluded 0). Folders: 0 (excluded 1). C: NTFS, Free: 428 GB, Total: 580 GB
On disk file:///C: space required for sync is 11.0 KB, you have 428 GB
On disk file:///C: space required for sync is 11.0 KB, you have 428 GB
Changes: 2, Conflicts: 0, CopyTime: 0, CopyState: 0/0, Errors: 0
Left to Right: Copy File: 2 
All Nodes (Live+Dead): 8
----- 22/10/2012 21:35:33: Analysis Completed. Time 00:00:00, Speed: Many files/s -----

===== 22/10/2012 21:35:38: Job 'Git1': SYNC started by User on computer 'APOLLO' =====
Git1: C:\__dev\_devserver\pyrradcore-ns\library\Ripple =forced-PropDels=> C:\__dev\_devserver\githubfragments\Ripple\src, SavePrevVers, CleanupPrevVers=30d, CleanupOldGens=24m, TmpDest, EstReq, CopyLocked, DetectMovesAndRenames, DetectFolderMoves, FileLinksDrill, Reconnect=3, ChangeLimit=10
Locking folder C:\__dev\_devserver\pyrradcore-ns\library\Ripple for write
Locking folder C:\__dev\_devserver\githubfragments\Ripple\src for write
Copy Over 'C:\__dev\_devserver\pyrradcore-ns\library\Ripple\Dispatcher.php' -> 'C:\__dev\_devserver\githubfragments\Ripple\src\Dispatcher.php'
Copy Over 'C:\__dev\_devserver\pyrradcore-ns\library\Ripple\DispatcherStatic.php' -> 'C:\__dev\_devserver\githubfragments\Ripple\src\DispatcherStatic.php'
Close Modified Folder (mod-time, acl): 
Save State File C:\__dev\_devserver\pyrradcore-ns\library\Ripple\_gsdata_\_file_state_v4._gs
Save State File C:\__dev\_devserver\githubfragments\Ripple\src\_gsdata_\_file_state_v4._gs
Items Synced OK: 2, Errors: 0
===== 22/10/2012 21:35:38: Sync Completed. Time: 00:00:01, Speed:  =====
Unlocking folder (set insync file) C:\__dev\_devserver\pyrradcore-ns\library\Ripple\_gsdata_\_insync_v4.gsl
Unlocking folder (set insync file) C:\__dev\_devserver\githubfragments\Ripple\src\_gsdata_\_insync_v4.gsl

